Warning: JAVA_HOME environment variable is not set.
[INFO] Scanning for projects...
[INFO] ------------------------------------------------------------------------
[INFO] Building maven-site-plugin IT: reporting failure test
[INFO]    task-segment: [package]
[INFO] ------------------------------------------------------------------------
[INFO] [resources:resources {execution: default-resources}]
[WARNING] Using platform encoding (UTF-8 actually) to copy filtered resources, i.e. build is platform dependent!
[INFO] skip non existing resourceDirectory /home/herve/projets/maven/trunks/plugins/maven-site-plugin/src/it/failure/src/main/resources
[INFO] [compiler:compile {execution: default-compile}]
[INFO] Compiling 1 source file to /home/herve/projets/maven/trunks/plugins/maven-site-plugin/src/it/failure/target/classes
[INFO] [resources:testResources {execution: default-testResources}]
[WARNING] Using platform encoding (UTF-8 actually) to copy filtered resources, i.e. build is platform dependent!
[INFO] skip non existing resourceDirectory /home/herve/projets/maven/trunks/plugins/maven-site-plugin/src/it/failure/src/test/resources
[INFO] [compiler:testCompile {execution: default-testCompile}]
[INFO] No sources to compile
[INFO] [surefire:test {execution: default-test}]
[INFO] No tests to run.
[INFO] [jar:jar {execution: default-jar}]
[INFO] Building jar: /home/herve/projets/maven/trunks/plugins/maven-site-plugin/src/it/failure/target/failure-1.0-SNAPSHOT.jar
[INFO] ------------------------------------------------------------------------
[INFO] BUILD SUCCESSFUL
[INFO] ------------------------------------------------------------------------
[INFO] Total time: 2 seconds
[INFO] Finished at: Thu May 29 10:32:07 CEST 2014
[INFO] Final Memory: 14M/310M
[INFO] ------------------------------------------------------------------------
